# JRE version: OpenJDK Runtime Environment Temurin-17+35 (17.0+35) (build 17+35)
# Java VM: OpenJDK 64-Bit Server VM Temurin-17+35 (17+35, mixed mode, sharing, tiered, compressed oops, compressed class ptrs, g1 gc, windows-amd64)
GC Precious Log:
 CPUs: 8 total, 8 available
 Memory: 16215M
 Large Page Support: Disabled
 NUMA Support: Disabled
 Compressed Oops: Enabled (32-bit)
 Heap Region Size: 1M
 Heap Min Capacity: 100M
 Heap Initial Capacity: 100M
 Heap Max Capacity: 1G
 Pre-touch: Disabled
 Parallel Workers: 8
 Concurrent Workers: 2
 Concurrent Refinement Workers: 8
 Periodic GC: Disabled
Heap:
 garbage-first heap   total 126976K, used 59262K [0x00000000c0000000, 0x0000000100000000)
  region size 1024K, 35 young (35840K), 7 survivors (7168K)
 Metaspace       used 69562K, committed 70080K, reserved 1114112K
  class space    used 8620K, committed 8832K, reserved 1048576K
GC Heap History (20 events):
Event: 10.681 GC heap before
{Heap before GC invocations=11 (full 0):
 garbage-first heap   total 102400K, used 78654K [0x00000000c0000000, 0x0000000100000000)
  region size 1024K, 54 young (55296K), 2 survivors (2048K)
 Metaspace       used 51795K, committed 52352K, reserved 1097728K
  class space    used 6482K, committed 6720K, reserved 1048576K
}
Event: 10.685 GC heap after
{Heap after GC invocations=12 (full 0):
 garbage-first heap   total 141312K, used 24893K [0x00000000c0000000, 0x0000000100000000)
  region size 1024K, 2 young (2048K), 2 survivors (2048K)
 Metaspace       used 51795K, committed 52352K, reserved 1097728K
  class space    used 6482K, committed 6720K, reserved 1048576K
}
Event: 11.062 GC heap before
{Heap before GC invocations=12 (full 0):
 garbage-first heap   total 141312K, used 106813K [0x00000000c0000000, 0x0000000100000000)
  region size 1024K, 82 young (83968K), 2 survivors (2048K)
 Metaspace       used 53014K, committed 53504K, reserved 1097728K
  class space    used 6604K, committed 6848K, reserved 1048576K
}
Event: 11.065 GC heap after
{Heap after GC invocations=13 (full 0):
 garbage-first heap   total 141312K, used 25322K [0x00000000c0000000, 0x0000000100000000)
  region size 1024K, 2 young (2048K), 2 survivors (2048K)
 Metaspace       used 53014K, committed 53504K, reserved 1097728K
  class space    used 6604K, committed 6848K, reserved 1048576K
}
Event: 11.235 GC heap before
{Heap before GC invocations=13 (full 0):
 garbage-first heap   total 141312K, used 107242K [0x00000000c0000000, 0x0000000100000000)
  region size 1024K, 82 young (83968K), 2 survivors (2048K)
 Metaspace       used 54911K, committed 55424K, reserved 1097728K
  class space    used 6812K, committed 7040K, reserved 1048576K
}
Event: 11.237 GC heap after
{Heap after GC invocations=14 (full 0):
 garbage-first heap   total 141312K, used 26706K [0x00000000c0000000, 0x0000000100000000)
  region size 1024K, 3 young (3072K), 3 survivors (3072K)
 Metaspace       used 54911K, committed 55424K, reserved 1097728K
  class space    used 6812K, committed 7040K, reserved 1048576K
}
Event: 11.417 GC heap before
{Heap before GC invocations=14 (full 0):
 garbage-first heap   total 141312K, used 106578K [0x00000000c0000000, 0x0000000100000000)
  region size 1024K, 82 young (83968K), 3 survivors (3072K)
 Metaspace       used 56916K, committed 57536K, reserved 1105920K
  class space    used 7068K, committed 7360K, reserved 1048576K
}
Event: 11.419 GC heap after
{Heap after GC invocations=15 (full 0):
 garbage-first heap   total 141312K, used 27267K [0x00000000c0000000, 0x0000000100000000)
  region size 1024K, 4 young (4096K), 4 survivors (4096K)
 Metaspace       used 56916K, committed 57536K, reserved 1105920K
  class space    used 7068K, committed 7360K, reserved 1048576K
}
Event: 11.828 GC heap before
{Heap before GC invocations=15 (full 0):
 garbage-first heap   total 141312K, used 107139K [0x00000000c0000000, 0x0000000100000000)
  region size 1024K, 82 young (83968K), 4 survivors (4096K)
 Metaspace       used 58264K, committed 58816K, reserved 1105920K
  class space    used 7269K, committed 7552K, reserved 1048576K
}
Event: 11.831 GC heap after
{Heap after GC invocations=16 (full 0):
 garbage-first heap   total 141312K, used 27587K [0x00000000c0000000, 0x0000000100000000)
  region size 1024K, 4 young (4096K), 4 survivors (4096K)
 Metaspace       used 58264K, committed 58816K, reserved 1105920K
  class space    used 7269K, committed 7552K, reserved 1048576K
}
Event: 12.178 GC heap before
{Heap before GC invocations=16 (full 0):
 garbage-first heap   total 141312K, used 106435K [0x00000000c0000000, 0x0000000100000000)
  region size 1024K, 82 young (83968K), 4 survivors (4096K)
 Metaspace       used 58633K, committed 59200K, reserved 1105920K
  class space    used 7290K, committed 7552K, reserved 1048576K
}
Event: 12.181 GC heap after
{Heap after GC invocations=17 (full 0):
 garbage-first heap   total 141312K, used 29767K [0x00000000c0000000, 0x0000000100000000)
  region size 1024K, 6 young (6144K), 6 survivors (6144K)
 Metaspace       used 58633K, committed 59200K, reserved 1105920K
  class space    used 7290K, committed 7552K, reserved 1048576K
}
Event: 12.288 GC heap before
{Heap before GC invocations=17 (full 0):
 garbage-first heap   total 141312K, used 87111K [0x00000000c0000000, 0x0000000100000000)
  region size 1024K, 63 young (64512K), 6 survivors (6144K)
 Metaspace       used 60198K, committed 60736K, reserved 1105920K
  class space    used 7475K, committed 7744K, reserved 1048576K
}
Event: 12.290 GC heap after
{Heap after GC invocations=18 (full 0):
 garbage-first heap   total 141312K, used 29646K [0x00000000c0000000, 0x0000000100000000)
  region size 1024K, 6 young (6144K), 6 survivors (6144K)
 Metaspace       used 60198K, committed 60736K, reserved 1105920K
  class space    used 7475K, committed 7744K, reserved 1048576K
}
Event: 12.463 GC heap before
{Heap before GC invocations=19 (full 0):
 garbage-first heap   total 126976K, used 107470K [0x00000000c0000000, 0x0000000100000000)
  region size 1024K, 82 young (83968K), 6 survivors (6144K)
 Metaspace       used 62118K, committed 62592K, reserved 1105920K
  class space    used 7806K, committed 8064K, reserved 1048576K
}
Event: 12.466 GC heap after
{Heap after GC invocations=20 (full 0):
 garbage-first heap   total 126976K, used 29839K [0x00000000c0000000, 0x0000000100000000)
  region size 1024K, 6 young (6144K), 6 survivors (6144K)
 Metaspace       used 62118K, committed 62592K, reserved 1105920K
  class space    used 7806K, committed 8064K, reserved 1048576K
}
Event: 12.610 GC heap before
{Heap before GC invocations=20 (full 0):
 garbage-first heap   total 126976K, used 99471K [0x00000000c0000000, 0x0000000100000000)
  region size 1024K, 74 young (75776K), 6 survivors (6144K)
 Metaspace       used 64575K, committed 65024K, reserved 1105920K
  class space    used 8114K, committed 8320K, reserved 1048576K
}
Event: 12.614 GC heap after
{Heap after GC invocations=21 (full 0):
 garbage-first heap   total 126976K, used 30349K [0x00000000c0000000, 0x0000000100000000)
  region size 1024K, 6 young (6144K), 6 survivors (6144K)
 Metaspace       used 64575K, committed 65024K, reserved 1105920K
  class space    used 8114K, committed 8320K, reserved 1048576K
}
Event: 12.865 GC heap before
{Heap before GC invocations=21 (full 0):
 garbage-first heap   total 126976K, used 101005K [0x00000000c0000000, 0x0000000100000000)
  region size 1024K, 74 young (75776K), 6 survivors (6144K)
 Metaspace       used 68049K, committed 68544K, reserved 1114112K
  class space    used 8457K, committed 8704K, reserved 1048576K
}
Event: 12.868 GC heap after
{Heap after GC invocations=22 (full 0):
 garbage-first heap   total 126976K, used 32638K [0x00000000c0000000, 0x0000000100000000)
  region size 1024K, 7 young (7168K), 7 survivors (7168K)
 Metaspace       used 68049K, committed 68544K, reserved 1114112K
  class space    used 8457K, committed 8704K, reserved 1048576K
}

